This is pdfTeX, Version 3.141592653-2.6-1.40.23 (TeX Live 2021) (preloaded format=pdflatex 2021.8.18)  26 NOV 2021 02:37
entering extended mode
 restricted \write18 enabled.
 %&-line parsing enabled.
**template.tex
(./template.tex
LaTeX2e <2021-06-01> patch level 1
L3 programming layer <2021-07-12>
(/usr/local/texlive/2021/texmf-dist/tex/latex/base/article.cls
Document Class: article 2021/02/12 v1.4n Standard LaTeX document class
(/usr/local/texlive/2021/texmf-dist/tex/latex/base/size12.clo
File: size12.clo 2021/02/12 v1.4n Standard LaTeX file (size option)
)
\c@part=\count182
\c@section=\count183
\c@subsection=\count184
\c@subsubsection=\count185
\c@paragraph=\count186
\c@subparagraph=\count187
\c@figure=\count188
\c@table=\count189
\abovecaptionskip=\skip47
\belowcaptionskip=\skip48
\bibindent=\dimen138
)
(/usr/local/texlive/2021/texmf-dist/tex/generic/german/german.sty
v2.5e 1998-07-08
Package: german 1998/07/08 v2.5e Support for writing german texts (br)
\grmnU@D=\dimen139
german -- \language number for Austrian undefined, default 33 used.
)
(/usr/local/texlive/2021/texmf-dist/tex/latex/ziffer/ziffer.sty)
(/usr/local/texlive/2021/texmf-dist/tex/latex/base/inputenc.sty
Package: inputenc 2021/02/14 v1.3d Input encoding file
\inpenc@prehook=\toks16
\inpenc@posthook=\toks17
)
(/usr/local/texlive/2021/texmf-dist/tex/latex/parskip/parskip.sty
Package: parskip 2021-03-14 v2.0h non-zero parskip adjustments

(/usr/local/texlive/2021/texmf-dist/tex/latex/kvoptions/kvoptions.sty
Package: kvoptions 2020-10-07 v3.14 Key value format for package options (HO)

(/usr/local/texlive/2021/texmf-dist/tex/latex/graphics/keyval.sty
Package: keyval 2014/10/28 v1.15 key=value parser (DPC)
\KV@toks@=\toks18
)
(/usr/local/texlive/2021/texmf-dist/tex/generic/ltxcmds/ltxcmds.sty
Package: ltxcmds 2020-05-10 v1.25 LaTeX kernel commands for general use (HO)
)
(/usr/local/texlive/2021/texmf-dist/tex/generic/kvsetkeys/kvsetkeys.sty
Package: kvsetkeys 2019/12/15 v1.18 Key value parser (HO)
))
(/usr/local/texlive/2021/texmf-dist/tex/latex/etoolbox/etoolbox.sty
Package: etoolbox 2020/10/05 v2.5k e-TeX tools for LaTeX (JAW)
\etb@tempcnta=\count190
))
(/usr/local/texlive/2021/texmf-dist/tex/latex/psnfss/times.sty
Package: times 2020/03/25 PSNFSS-v9.3 (SPQR) 
)
(/usr/local/texlive/2021/texmf-dist/tex/latex/graphics/graphicx.sty
Package: graphicx 2020/12/05 v1.2c Enhanced LaTeX Graphics (DPC,SPQR)

(/usr/local/texlive/2021/texmf-dist/tex/latex/graphics/graphics.sty
Package: graphics 2021/03/04 v1.4d Standard LaTeX Graphics (DPC,SPQR)

(/usr/local/texlive/2021/texmf-dist/tex/latex/graphics/trig.sty
Package: trig 2016/01/03 v1.10 sin cos tan (DPC)
)
(/usr/local/texlive/2021/texmf-dist/tex/latex/graphics-cfg/graphics.cfg
File: graphics.cfg 2016/06/04 v1.11 sample graphics configuration
)
Package graphics Info: Driver file: pdftex.def on input line 107.

(/usr/local/texlive/2021/texmf-dist/tex/latex/graphics-def/pdftex.def
File: pdftex.def 2020/10/05 v1.2a Graphics/color driver for pdftex
))
\Gin@req@height=\dimen140
\Gin@req@width=\dimen141
)
(/usr/local/texlive/2021/texmf-dist/tex/latex/caption/subcaption.sty
Package: subcaption 2020/10/07 v1.3j Sub-captions (AR)

(/usr/local/texlive/2021/texmf-dist/tex/latex/caption/caption.sty
Package: caption 2020/10/26 v3.5g Customizing captions (AR)

(/usr/local/texlive/2021/texmf-dist/tex/latex/caption/caption3.sty
Package: caption3 2020/10/21 v2.2e caption3 kernel (AR)
\captionmargin=\dimen142
\captionmargin@=\dimen143
\captionwidth=\dimen144
\caption@tempdima=\dimen145
\caption@indent=\dimen146
\caption@parindent=\dimen147
\caption@hangindent=\dimen148
Package caption Info: Standard document class detected.
)
\c@caption@flags=\count191
\c@continuedfloat=\count192
)
\c@subfigure=\count193
\c@subtable=\count194
)
(/usr/local/texlive/2021/texmf-dist/tex/latex/tools/hhline.sty
Package: hhline 2020/01/04 v2.04 Table rule package (DPC)
)
(/usr/local/texlive/2021/texmf-dist/tex/latex/amsfonts/amsfonts.sty
Package: amsfonts 2013/01/14 v3.01 Basic AMSFonts support
\@emptytoks=\toks19
\symAMSa=\mathgroup4
\symAMSb=\mathgroup5
LaTeX Font Info:    Redeclaring math symbol \hbar on input line 98.
LaTeX Font Info:    Overwriting math alphabet `\mathfrak' in version `bold'
(Font)                  U/euf/m/n --> U/euf/b/n on input line 106.
)
(/usr/local/texlive/2021/texmf-dist/tex/latex/sidecap/sidecap.sty
Package: sidecap 2003/06/06 v1.6f SideCap Package (RN/HjG)

(/usr/local/texlive/2021/texmf-dist/tex/latex/base/ifthen.sty
Package: ifthen 2020/11/24 v1.1c Standard LaTeX ifthen package (DPC)
)
\SC@BOXWD=\dimen149
\SC@CAPWD=\dimen150
\SC@tempdima=\dimen151
\SC@tempdimb=\dimen152
\c@SC@C=\count195
\SC@BOX=\box50
)
(/usr/local/texlive/2021/texmf-dist/tex/latex/hyperref/hyperref.sty
Package: hyperref 2021-06-07 v7.00m Hypertext links for LaTeX

(/usr/local/texlive/2021/texmf-dist/tex/generic/iftex/iftex.sty
Package: iftex 2020/03/06 v1.0d TeX engine tests
)
(/usr/local/texlive/2021/texmf-dist/tex/generic/pdftexcmds/pdftexcmds.sty
Package: pdftexcmds 2020-06-27 v0.33 Utility functions of pdfTeX for LuaTeX (HO
)

(/usr/local/texlive/2021/texmf-dist/tex/generic/infwarerr/infwarerr.sty
Package: infwarerr 2019/12/03 v1.5 Providing info/warning/error messages (HO)
)
Package pdftexcmds Info: \pdf@primitive is available.
Package pdftexcmds Info: \pdf@ifprimitive is available.
Package pdftexcmds Info: \pdfdraftmode found.
)
(/usr/local/texlive/2021/texmf-dist/tex/generic/kvdefinekeys/kvdefinekeys.sty
Package: kvdefinekeys 2019-12-19 v1.6 Define keys (HO)
)
(/usr/local/texlive/2021/texmf-dist/tex/generic/pdfescape/pdfescape.sty
Package: pdfescape 2019/12/09 v1.15 Implements pdfTeX's escape features (HO)
)
(/usr/local/texlive/2021/texmf-dist/tex/latex/hycolor/hycolor.sty
Package: hycolor 2020-01-27 v1.10 Color options for hyperref/bookmark (HO)
)
(/usr/local/texlive/2021/texmf-dist/tex/latex/letltxmacro/letltxmacro.sty
Package: letltxmacro 2019/12/03 v1.6 Let assignment for LaTeX macros (HO)
)
(/usr/local/texlive/2021/texmf-dist/tex/latex/auxhook/auxhook.sty
Package: auxhook 2019-12-17 v1.6 Hooks for auxiliary files (HO)
)
\@linkdim=\dimen153
\Hy@linkcounter=\count196
\Hy@pagecounter=\count197

(/usr/local/texlive/2021/texmf-dist/tex/latex/hyperref/pd1enc.def
File: pd1enc.def 2021-06-07 v7.00m Hyperref: PDFDocEncoding definition (HO)
Now handling font encoding PD1 ...
... no UTF-8 mapping file for font encoding PD1
)
(/usr/local/texlive/2021/texmf-dist/tex/latex/hyperref/hyperref-langpatches.def
File: hyperref-langpatches.def 2021-06-07 v7.00m Hyperref: patches for babel la
nguages
) (/usr/local/texlive/2021/texmf-dist/tex/generic/intcalc/intcalc.sty
Package: intcalc 2019/12/15 v1.3 Expandable calculations with integers (HO)
)
(/usr/local/texlive/2021/texmf-dist/tex/generic/etexcmds/etexcmds.sty
Package: etexcmds 2019/12/15 v1.7 Avoid name clashes with e-TeX commands (HO)
)
\Hy@SavedSpaceFactor=\count198

(/usr/local/texlive/2021/texmf-dist/tex/latex/hyperref/puenc.def
File: puenc.def 2021-06-07 v7.00m Hyperref: PDF Unicode definition (HO)
Now handling font encoding PU ...
... no UTF-8 mapping file for font encoding PU
)
Package hyperref Info: Hyper figures OFF on input line 4192.
Package hyperref Info: Link nesting OFF on input line 4197.
Package hyperref Info: Hyper index ON on input line 4200.
Package hyperref Info: Plain pages OFF on input line 4207.
Package hyperref Info: Backreferencing OFF on input line 4212.
Package hyperref Info: Implicit mode ON; LaTeX internals redefined.
Package hyperref Info: Bookmarks ON on input line 4445.
\c@Hy@tempcnt=\count199

(/usr/local/texlive/2021/texmf-dist/tex/latex/url/url.sty
\Urlmuskip=\muskip16
Package: url 2013/09/16  ver 3.4  Verb mode for urls, etc.
)
LaTeX Info: Redefining \url on input line 4804.
\XeTeXLinkMargin=\dimen154

(/usr/local/texlive/2021/texmf-dist/tex/generic/bitset/bitset.sty
Package: bitset 2019/12/09 v1.3 Handle bit-vector datatype (HO)

(/usr/local/texlive/2021/texmf-dist/tex/generic/bigintcalc/bigintcalc.sty
Package: bigintcalc 2019/12/15 v1.5 Expandable calculations on big integers (HO
)
))
\Fld@menulength=\count266
\Field@Width=\dimen155
\Fld@charsize=\dimen156
Package hyperref Info: Hyper figures OFF on input line 6076.
Package hyperref Info: Link nesting OFF on input line 6081.
Package hyperref Info: Hyper index ON on input line 6084.
Package hyperref Info: backreferencing OFF on input line 6091.
Package hyperref Info: Link coloring OFF on input line 6096.
Package hyperref Info: Link coloring with OCG OFF on input line 6101.
Package hyperref Info: PDF/A mode OFF on input line 6106.
LaTeX Info: Redefining \ref on input line 6146.
LaTeX Info: Redefining \pageref on input line 6150.

(/usr/local/texlive/2021/texmf-dist/tex/latex/base/atbegshi-ltx.sty
Package: atbegshi-ltx 2021/01/10 v1.0c Emulation of the original atbegshi
package with kernel methods
)
\Hy@abspage=\count267
\c@Item=\count268
\c@Hfootnote=\count269
)
Package hyperref Info: Driver (autodetected): hpdftex.

(/usr/local/texlive/2021/texmf-dist/tex/latex/hyperref/hpdftex.def
File: hpdftex.def 2021-06-07 v7.00m Hyperref driver for pdfTeX

(/usr/local/texlive/2021/texmf-dist/tex/latex/base/atveryend-ltx.sty
Package: atveryend-ltx 2020/08/19 v1.0a Emulation of the original atvery packag
e
with kernel methods
)
\Fld@listcount=\count270
\c@bookmark@seq@number=\count271

(/usr/local/texlive/2021/texmf-dist/tex/latex/rerunfilecheck/rerunfilecheck.sty
Package: rerunfilecheck 2019/12/05 v1.9 Rerun checks for auxiliary files (HO)

(/usr/local/texlive/2021/texmf-dist/tex/generic/uniquecounter/uniquecounter.sty
Package: uniquecounter 2019/12/15 v1.4 Provide unlimited unique counter (HO)
)
Package uniquecounter Info: New unique counter `rerunfilecheck' on input line 2
86.
)
\Hy@SectionHShift=\skip49
) (/usr/local/texlive/2021/texmf-dist/tex/latex/listings/listings.sty
\lst@mode=\count272
\lst@gtempboxa=\box51
\lst@token=\toks20
\lst@length=\count273
\lst@currlwidth=\dimen157
\lst@column=\count274
\lst@pos=\count275
\lst@lostspace=\dimen158
\lst@width=\dimen159
\lst@newlines=\count276
\lst@lineno=\count277
\lst@maxwidth=\dimen160

(/usr/local/texlive/2021/texmf-dist/tex/latex/listings/lstmisc.sty
File: lstmisc.sty 2020/03/24 1.8d (Carsten Heinz)
\c@lstnumber=\count278
\lst@skipnumbers=\count279
\lst@framebox=\box52
)
(/usr/local/texlive/2021/texmf-dist/tex/latex/listings/listings.cfg
File: listings.cfg 2020/03/24 1.8d listings configuration
))
Package: listings 2020/03/24 1.8d (Carsten Heinz)

(/usr/local/texlive/2021/texmf-dist/tex/latex/fancyhdr/fancyhdr.sty
Package: fancyhdr 2021/01/28 v4.0.1 Extensive control of page headers and foote
rs
\f@nch@headwidth=\skip50
\f@nch@O@elh=\skip51
\f@nch@O@erh=\skip52
\f@nch@O@olh=\skip53
\f@nch@O@orh=\skip54
\f@nch@O@elf=\skip55
\f@nch@O@erf=\skip56
\f@nch@O@olf=\skip57
\f@nch@O@orf=\skip58
)
(/usr/local/texlive/2021/texmf-dist/tex/latex/lastpage/lastpage.sty
Package: lastpage 2015/03/29 v1.2m Refers to last page's name (HMM; JPG)
)
(/usr/local/texlive/2021/texmf-dist/tex/latex/makecell/makecell.sty
Package: makecell 2009/08/03 V0.1e Managing of Tab Column Heads and Cells

(/usr/local/texlive/2021/texmf-dist/tex/latex/tools/array.sty
Package: array 2021/04/20 v2.5e Tabular extension package (FMi)
\col@sep=\dimen161
\ar@mcellbox=\box53
\extrarowheight=\dimen162
\NC@list=\toks21
\extratabsurround=\skip59
\backup@length=\skip60
\ar@cellbox=\box54
)
\rotheadsize=\dimen163
\c@nlinenum=\count280
\TeXr@lab=\toks22
)
(/usr/local/texlive/2021/texmf-dist/tex/latex/xcolor/xcolor.sty
Package: xcolor 2016/05/11 v2.12 LaTeX color extensions (UK)

(/usr/local/texlive/2021/texmf-dist/tex/latex/graphics-cfg/color.cfg
File: color.cfg 2016/01/02 v1.6 sample color configuration
)
Package xcolor Info: Driver file: pdftex.def on input line 225.
Package xcolor Info: Model `cmy' substituted by `cmy0' on input line 1348.
Package xcolor Info: Model `hsb' substituted by `rgb' on input line 1352.
Package xcolor Info: Model `RGB' extended on input line 1364.
Package xcolor Info: Model `HTML' substituted by `rgb' on input line 1366.
Package xcolor Info: Model `Hsb' substituted by `hsb' on input line 1367.
Package xcolor Info: Model `tHsb' substituted by `hsb' on input line 1368.
Package xcolor Info: Model `HSB' substituted by `hsb' on input line 1369.
Package xcolor Info: Model `Gray' substituted by `gray' on input line 1370.
Package xcolor Info: Model `wave' substituted by `hsb' on input line 1371.
)
(/usr/local/texlive/2021/texmf-dist/tex/latex/amsmath/amsmath.sty
Package: amsmath 2021/04/20 v2.17j AMS math features
\@mathmargin=\skip61

For additional information on amsmath, use the `?' option.
(/usr/local/texlive/2021/texmf-dist/tex/latex/amsmath/amstext.sty
Package: amstext 2000/06/29 v2.01 AMS text

(/usr/local/texlive/2021/texmf-dist/tex/latex/amsmath/amsgen.sty
File: amsgen.sty 1999/11/30 v2.0 generic functions
\@emptytoks=\toks23
\ex@=\dimen164
))
(/usr/local/texlive/2021/texmf-dist/tex/latex/amsmath/amsbsy.sty
Package: amsbsy 1999/11/29 v1.2d Bold Symbols
\pmbraise@=\dimen165
)
(/usr/local/texlive/2021/texmf-dist/tex/latex/amsmath/amsopn.sty
Package: amsopn 2016/03/08 v2.02 operator names
)
\inf@bad=\count281
LaTeX Info: Redefining \frac on input line 234.
\uproot@=\count282
\leftroot@=\count283
LaTeX Info: Redefining \overline on input line 399.
\classnum@=\count284
\DOTSCASE@=\count285
LaTeX Info: Redefining \ldots on input line 496.
LaTeX Info: Redefining \dots on input line 499.
LaTeX Info: Redefining \cdots on input line 620.
\Mathstrutbox@=\box55
\strutbox@=\box56
\big@size=\dimen166
LaTeX Font Info:    Redeclaring font encoding OML on input line 743.
LaTeX Font Info:    Redeclaring font encoding OMS on input line 744.
\macc@depth=\count286
\c@MaxMatrixCols=\count287
\dotsspace@=\muskip17
\c@parentequation=\count288
\dspbrk@lvl=\count289
\tag@help=\toks24
\row@=\count290
\column@=\count291
\maxfields@=\count292
\andhelp@=\toks25
\eqnshift@=\dimen167
\alignsep@=\dimen168
\tagshift@=\dimen169
\tagwidth@=\dimen170
\totwidth@=\dimen171
\lineht@=\dimen172
\@envbody=\toks26
\multlinegap=\skip62
\multlinetaggap=\skip63
\mathdisplay@stack=\toks27
LaTeX Info: Redefining \[ on input line 2923.
LaTeX Info: Redefining \] on input line 2924.
)
(/usr/local/texlive/2021/texmf-dist/tex/latex/geometry/geometry.sty
Package: geometry 2020/01/02 v5.9 Page Geometry

(/usr/local/texlive/2021/texmf-dist/tex/generic/iftex/ifvtex.sty
Package: ifvtex 2019/10/25 v1.7 ifvtex legacy package. Use iftex instead.
)
\Gm@cnth=\count293
\Gm@cntv=\count294
\c@Gm@tempcnt=\count295
\Gm@bindingoffset=\dimen173
\Gm@wd@mp=\dimen174
\Gm@odd@mp=\dimen175
\Gm@even@mp=\dimen176
\Gm@layoutwidth=\dimen177
\Gm@layoutheight=\dimen178
\Gm@layouthoffset=\dimen179
\Gm@layoutvoffset=\dimen180
\Gm@dimlist=\toks28
)
LaTeX Font Info:    Trying to load font information for OT1+ptm on input line 8
8.

(/usr/local/texlive/2021/texmf-dist/tex/latex/psnfss/ot1ptm.fd
File: ot1ptm.fd 2001/06/04 font definitions for OT1/ptm.
)
(/usr/local/texlive/2021/texmf-dist/tex/latex/l3backend/l3backend-pdftex.def
File: l3backend-pdftex.def 2021-08-04 L3 backend support: PDF output (pdfTeX)
\l__color_backend_stack_int=\count296
\l__pdf_internal_box=\box57
)
(./template.aux)
\openout1 = `template.aux'.

LaTeX Font Info:    Checking defaults for OML/cmm/m/it on input line 88.
LaTeX Font Info:    ... okay on input line 88.
LaTeX Font Info:    Checking defaults for OMS/cmsy/m/n on input line 88.
LaTeX Font Info:    ... okay on input line 88.
LaTeX Font Info:    Checking defaults for OT1/cmr/m/n on input line 88.
LaTeX Font Info:    ... okay on input line 88.
LaTeX Font Info:    Checking defaults for T1/cmr/m/n on input line 88.
LaTeX Font Info:    ... okay on input line 88.
LaTeX Font Info:    Checking defaults for TS1/cmr/m/n on input line 88.
LaTeX Font Info:    ... okay on input line 88.
LaTeX Font Info:    Checking defaults for OMX/cmex/m/n on input line 88.
LaTeX Font Info:    ... okay on input line 88.
LaTeX Font Info:    Checking defaults for U/cmr/m/n on input line 88.
LaTeX Font Info:    ... okay on input line 88.
LaTeX Font Info:    Checking defaults for PD1/pdf/m/n on input line 88.
LaTeX Font Info:    ... okay on input line 88.
LaTeX Font Info:    Checking defaults for PU/pdf/m/n on input line 88.
LaTeX Font Info:    ... okay on input line 88.

(/usr/local/texlive/2021/texmf-dist/tex/context/base/mkii/supp-pdf.mkii
[Loading MPS to PDF converter (version 2006.09.02).]
\scratchcounter=\count297
\scratchdimen=\dimen181
\scratchbox=\box58
\nofMPsegments=\count298
\nofMParguments=\count299
\everyMPshowfont=\toks29
\MPscratchCnt=\count300
\MPscratchDim=\dimen182
\MPnumerator=\count301
\makeMPintoPDFobject=\count302
\everyMPtoPDFconversion=\toks30
) (/usr/local/texlive/2021/texmf-dist/tex/latex/epstopdf-pkg/epstopdf-base.sty
Package: epstopdf-base 2020-01-24 v2.11 Base part for package epstopdf
Package epstopdf-base Info: Redefining graphics rule for `.eps' on input line 4
85.

(/usr/local/texlive/2021/texmf-dist/tex/latex/latexconfig/epstopdf-sys.cfg
File: epstopdf-sys.cfg 2010/07/13 v1.3 Configuration of (r)epstopdf for TeX Liv
e
))
Package caption Info: Begin \AtBeginDocument code.
Package caption Info: hyperref package is loaded.
Package caption Info: listings package is loaded.
Package caption Info: sidecap package is loaded.
Package caption Info: End \AtBeginDocument code.

(/usr/local/texlive/2021/texmf-dist/tex/latex/ragged2e/ragged2e.sty
Package: ragged2e 2021/02/05 v3.0 ragged2e Package
\CenteringLeftskip=\skip64
\RaggedLeftLeftskip=\skip65
\RaggedRightLeftskip=\skip66
\CenteringRightskip=\skip67
\RaggedLeftRightskip=\skip68
\RaggedRightRightskip=\skip69
\CenteringParfillskip=\skip70
\RaggedLeftParfillskip=\skip71
\RaggedRightParfillskip=\skip72
\JustifyingParfillskip=\skip73
\CenteringParindent=\skip74
\RaggedLeftParindent=\skip75
\RaggedRightParindent=\skip76
\JustifyingParindent=\skip77
)
Package hyperref Info: Link coloring OFF on input line 88.

(/usr/local/texlive/2021/texmf-dist/tex/latex/hyperref/nameref.sty
Package: nameref 2021-04-02 v2.47 Cross-referencing by name of section

(/usr/local/texlive/2021/texmf-dist/tex/latex/refcount/refcount.sty
Package: refcount 2019/12/15 v3.6 Data extraction from label references (HO)
)
(/usr/local/texlive/2021/texmf-dist/tex/generic/gettitlestring/gettitlestring.s
ty
Package: gettitlestring 2019/12/15 v1.6 Cleanup title references (HO)
)
\c@section@level=\count303
)
LaTeX Info: Redefining \ref on input line 88.
LaTeX Info: Redefining \pageref on input line 88.
LaTeX Info: Redefining \nameref on input line 88.
 (./template.out) (./template.out)
\@outlinefile=\write3
\openout3 = `template.out'.

\c@lstlisting=\count304
Package lastpage Info: Please have a look at the pageslts package at
(lastpage)             https://www.ctan.org/pkg/pageslts
(lastpage)             ! on input line 88.

*geometry* driver: auto-detecting
*geometry* detected driver: pdftex
*geometry* verbose mode - [ preamble ] result:
* driver: pdftex
* paper: a4paper
* layout: <same size as paper>
* layoutoffset:(h,v)=(0.0pt,0.0pt)
* modes: twoside 
* h-part:(L,W,R)=(71.70166pt, 418.25368pt, 107.55254pt)
* v-part:(T,H,B)=(99.58464pt, 674.33032pt, 71.13188pt)
* \paperwidth=597.50787pt
* \paperheight=845.04684pt
* \textwidth=418.25368pt
* \textheight=674.33032pt
* \oddsidemargin=-0.56833pt
* \evensidemargin=35.28255pt
* \topmargin=-9.68535pt
* \headheight=12.0pt
* \headsep=25.0pt
* \topskip=12.0pt
* \footskip=30.0pt
* \marginparwidth=95.0pt
* \marginparsep=10.0pt
* \columnsep=10.0pt
* \skip\footins=10.8pt plus 4.0pt minus 2.0pt
* \hoffset=0.0pt
* \voffset=0.0pt
* \mag=1000
* \@twocolumnfalse
* \@twosidetrue
* \@mparswitchtrue
* \@reversemarginfalse
* (1in=72.27pt=25.4mm, 1cm=28.453pt)

[1

{/usr/local/texlive/2021/texmf-var/fonts/map/pdftex/updmap/pdftex.map}]
[2

]
LaTeX Font Info:    Trying to load font information for U+msa on input line 139
.
 (/usr/local/texlive/2021/texmf-dist/tex/latex/amsfonts/umsa.fd
File: umsa.fd 2013/01/14 v3.01 AMS symbols A
)
LaTeX Font Info:    Trying to load font information for U+msb on input line 139
.

(/usr/local/texlive/2021/texmf-dist/tex/latex/amsfonts/umsb.fd
File: umsb.fd 2013/01/14 v3.01 AMS symbols B
) [3] [4]pdfTeX warning (ext4): destination with the same identifier (name{page
.1}) has been already used, duplicate ignored
<to be read again> 
                   \relax 
l.177 \newpage
               [1] (./template.toc)
\tf@toc=\write4
\openout4 = `template.toc'.

pdfTeX warning (ext4): destination with the same identifier (name{page.2}) has 
been already used, duplicate ignored
<to be read again> 
                   \relax 
l.181 \newpage
               [2]pdfTeX warning (ext4): destination with the same identifier (
name{page.3}) has been already used, duplicate ignored
<to be read again> 
                   \relax 
l.211 \newpage
               [3]pdfTeX warning (ext4): destination with the same identifier (
name{page.4}) has been already used, duplicate ignored
<to be read again> 
                   \relax 
l.262 
       [4]
<./Images/SURF_BoxFilter.png, id=158, 1187.43625pt x 576.1525pt>
File: ./Images/SURF_BoxFilter.png Graphic file (type png)
<use ./Images/SURF_BoxFilter.png>
Package pdftex.def Info: ./Images/SURF_BoxFilter.png  used on input line 291.
(pdftex.def)             Requested size: 209.12683pt x 101.46996pt.
 [5] [6 <./Images/SURF_BoxFilter.png>] [7] [8] [9]
<./Images/PointNetArchitektur.png, id=264, 2432.08624pt x 867.24pt>
File: ./Images/PointNetArchitektur.png Graphic file (type png)
<use ./Images/PointNetArchitektur.png>
Package pdftex.def Info: ./Images/PointNetArchitektur.png  used on input line 4
82.
(pdftex.def)             Requested size: 418.25368pt x 149.13591pt.
 [10 <./Images/PointNetArchitektur.png>]
<./Images/PointNetPPArchitektur.png, id=277, 1972.36874pt x 816.04875pt>
File: ./Images/PointNetPPArchitektur.png Graphic file (type png)
<use ./Images/PointNetPPArchitektur.png>
Package pdftex.def Info: ./Images/PointNetPPArchitektur.png  used on input line
 501.
(pdftex.def)             Requested size: 418.25368pt x 173.04384pt.
 [11 <./Images/PointNetPPArchitektur.png>] [12] [13]
[14]
<./Images/RPM_Net_Arch.png, id=343, 1903.11pt x 491.8375pt>
File: ./Images/RPM_Net_Arch.png Graphic file (type png)
<use ./Images/RPM_Net_Arch.png>
Package pdftex.def Info: ./Images/RPM_Net_Arch.png  used on input line 643.
(pdftex.def)             Requested size: 418.25368pt x 108.09201pt.
 [15 <./Images/RPM_Net_Arch.png>] [16]
<./Images/WorkflowClientServer.png, id=358, 1749.53625pt x 1117.17375pt>
File: ./Images/WorkflowClientServer.png Graphic file (type png)
<use ./Images/WorkflowClientServer.png>
Package pdftex.def Info: ./Images/WorkflowClientServer.png  used on input line 
695.
(pdftex.def)             Requested size: 376.42575pt x 240.35814pt.
 [17 <./Images/WorkflowClientServer.png>] [18] [19] [20]
LaTeX Font Info:    Trying to load font information for OMS+ptm on input line 8
59.

(/usr/local/texlive/2021/texmf-dist/tex/latex/psnfss/omsptm.fd
File: omsptm.fd 
)
LaTeX Font Info:    Font shape `OMS/ptm/b/n' in size <12> not available
(Font)              Font shape `OMS/cmsy/b/n' tried instead on input line 859.
Package hyperref Info: bookmark level for unknown lstlisting defaults to 0 on i
nput line 867.
LaTeX Font Info:    Trying to load font information for OT1+pcr on input line 8
67.

(/usr/local/texlive/2021/texmf-dist/tex/latex/psnfss/ot1pcr.fd
File: ot1pcr.fd 2001/06/04 font definitions for OT1/pcr.
)
LaTeX Font Info:    Trying to load font information for OMS+pcr on input line 8
68.

(/usr/local/texlive/2021/texmf-dist/tex/latex/psnfss/omspcr.fd
File: omspcr.fd 
)
LaTeX Font Info:    Font shape `OMS/pcr/m/n' in size <12> not available
(Font)              Font shape `OMS/cmsy/m/n' tried instead on input line 868.
 [21]
Underfull \hbox (badness 10000) in paragraph at lines 893--897

 []

LaTeX Font Info:    Trying to load font information for TS1+ptm on input line 9
12.
(/usr/local/texlive/2021/texmf-dist/tex/latex/psnfss/ts1ptm.fd
File: ts1ptm.fd 2001/06/04 font definitions for TS1/ptm.
)
<./Images/Pipelines.png, id=422, 967.615pt x 887.315pt>
File: ./Images/Pipelines.png Graphic file (type png)
<use ./Images/Pipelines.png>
Package pdftex.def Info: ./Images/Pipelines.png  used on input line 937.
(pdftex.def)             Requested size: 271.86234pt x 249.29948pt.
 [22] [23 <./Images/Pipelines.png>] [24]
<./Images/PipelineBackgroundSegmentationStriped.png, id=449, 883.3pt x 832.1087
5pt>
File: ./Images/PipelineBackgroundSegmentationStriped.png Graphic file (type png
)
<use ./Images/PipelineBackgroundSegmentationStriped.png>
Package pdftex.def Info: ./Images/PipelineBackgroundSegmentationStriped.png  us
ed on input line 1047.
(pdftex.def)             Requested size: 128.02805pt x 128.03595pt.

Overfull \hbox (2.55067pt too wide) in paragraph at lines 1047--1048
 [][] 
 []


Underfull \hbox (badness 10000) in paragraph at lines 1048--1048
[]\OT1/ptm/m/n/12 Abbildung 7:
 []


Underfull \hbox (badness 10000) in paragraph at lines 1048--1048
|\OT1/ptm/m/n/12 Hintergrund-
 []

<./Images/PipelinePlantSegmentation.png, id=450, 883.3pt x 832.10875pt>
File: ./Images/PipelinePlantSegmentation.png Graphic file (type png)
<use ./Images/PipelinePlantSegmentation.png>
Package pdftex.def Info: ./Images/PipelinePlantSegmentation.png  used on input 
line 1053.
(pdftex.def)             Requested size: 128.02805pt x 128.03595pt.

Overfull \hbox (2.55067pt too wide) in paragraph at lines 1053--1054
 [][] 
 []


Underfull \hbox (badness 5245) in paragraph at lines 1054--1054
[]\OT1/ptm/m/n/12 Abbildung 8: |Pflanzen-
 []

<./Images/PipelineLeaveSegmentationStriped.png, id=451, 883.3pt x 832.10875pt>
File: ./Images/PipelineLeaveSegmentationStriped.png Graphic file (type png)
<use ./Images/PipelineLeaveSegmentationStriped.png>
Package pdftex.def Info: ./Images/PipelineLeaveSegmentationStriped.png  used on
 input line 1059.
(pdftex.def)             Requested size: 128.02805pt x 128.03595pt.

Overfull \hbox (2.55067pt too wide) in paragraph at lines 1059--1060
 [][] 
 []


Underfull \hbox (badness 10000) in paragraph at lines 1060--1060
[]\OT1/ptm/m/n/12 Abbildung 9: |Blatt-
 []

[25]
<./Images/PointCloudGeneration_odm.png, id=461, 883.3pt x 832.10875pt>
File: ./Images/PointCloudGeneration_odm.png Graphic file (type png)
<use ./Images/PointCloudGeneration_odm.png>
Package pdftex.def Info: ./Images/PointCloudGeneration_odm.png  used on input l
ine 1105.
(pdftex.def)             Requested size: 125.46721pt x 142.25652pt.
<./Images/PointCloudGeneration_colmap.png, id=462, 883.3pt x 832.10875pt>
File: ./Images/PointCloudGeneration_colmap.png Graphic file (type png)
<use ./Images/PointCloudGeneration_colmap.png>
Package pdftex.def Info: ./Images/PointCloudGeneration_colmap.png  used on inpu
t line 1107.
(pdftex.def)             Requested size: 125.46721pt x 142.25652pt.
<./Images/PointCloudGeneration_meshroom.png, id=463, 883.3pt x 832.10875pt>
File: ./Images/PointCloudGeneration_meshroom.png Graphic file (type png)
<use ./Images/PointCloudGeneration_meshroom.png>
Package pdftex.def Info: ./Images/PointCloudGeneration_meshroom.png  used on in
put line 1110.
(pdftex.def)             Requested size: 125.46721pt x 142.25652pt.
<./Images/PointCloudGeneration_openmvg.png, id=464, 883.3pt x 832.10875pt>
File: ./Images/PointCloudGeneration_openmvg.png Graphic file (type png)
<use ./Images/PointCloudGeneration_openmvg.png>
Package pdftex.def Info: ./Images/PointCloudGeneration_openmvg.png  used on inp
ut line 1112.
(pdftex.def)             Requested size: 125.46721pt x 142.25652pt.
<./Images/PointCloudGeneration_opencv.png, id=465, 883.3pt x 832.10875pt>
File: ./Images/PointCloudGeneration_opencv.png Graphic file (type png)
<use ./Images/PointCloudGeneration_opencv.png>
Package pdftex.def Info: ./Images/PointCloudGeneration_opencv.png  used on inpu
t line 1114.
(pdftex.def)             Requested size: 125.46721pt x 142.25652pt.
 [26 <./Images/PipelineBackgroundSegmentationStriped.png> <./Images/PipelinePla
ntSegmentation.png> <./Images/PipelineLeaveSegmentationStriped.png>]
[27 <./Images/PointCloudGeneration_odm.png> <./Images/PointCloudGeneration_colm
ap.png> <./Images/PointCloudGeneration_meshroom.png> <./Images/PointCloudGenera
tion_openmvg.png> <./Images/PointCloudGeneration_opencv.png>]
<./Images/DistanceCloudGen.png, id=488, 462.528pt x 346.896pt>
File: ./Images/DistanceCloudGen.png Graphic file (type png)
<use ./Images/DistanceCloudGen.png>
Package pdftex.def Info: ./Images/DistanceCloudGen.png  used on input line 1134
.
(pdftex.def)             Requested size: 198.67303pt x 149.00357pt.

Underfull \hbox (badness 1596) in paragraph at lines 1135--1135
[]\OT1/ptm/m/n/12 Abbildung 11: |Di-stanz der Punkt-wol-
 []


Underfull \hbox (badness 1552) in paragraph at lines 1135--1135
\OT1/ptm/m/n/12 ke mit be-stimm-ter An-zahl Bil-der zur
 []

<./Images/NPointsCloudGen.png, id=489, 462.528pt x 346.896pt>
File: ./Images/NPointsCloudGen.png Graphic file (type png)
<use ./Images/NPointsCloudGen.png>
Package pdftex.def Info: ./Images/NPointsCloudGen.png  used on input line 1140.

(pdftex.def)             Requested size: 198.67303pt x 149.00357pt.
<./Images/ODMNoise2.png, id=495, 883.3pt x 832.10875pt>
File: ./Images/ODMNoise2.png Graphic file (type png)
<use ./Images/ODMNoise2.png>
Package pdftex.def Info: ./Images/ODMNoise2.png  used on input line 1158.
(pdftex.def)             Requested size: 198.67303pt x 187.15291pt.
<./Images/ColmapNoise2.png, id=496, 883.3pt x 832.10875pt>
File: ./Images/ColmapNoise2.png Graphic file (type png)
<use ./Images/ColmapNoise2.png>
Package pdftex.def Info: ./Images/ColmapNoise2.png  used on input line 1164.
(pdftex.def)             Requested size: 198.67303pt x 187.15291pt.
<./Images/ODMError.png, id=497, 883.3pt x 832.10875pt>
File: ./Images/ODMError.png Graphic file (type png)
<use ./Images/ODMError.png>
Package pdftex.def Info: ./Images/ODMError.png  used on input line 1174.
(pdftex.def)             Requested size: 198.67303pt x 187.15291pt.
<./Images/ColmapError.png, id=498, 883.3pt x 832.10875pt>
File: ./Images/ColmapError.png Graphic file (type png)
<use ./Images/ColmapError.png>
Package pdftex.def Info: ./Images/ColmapError.png  used on input line 1180.
(pdftex.def)             Requested size: 198.67303pt x 187.15291pt.
<./Images/ColmapDuplicatedScene.png, id=499, 883.3pt x 832.10875pt>
File: ./Images/ColmapDuplicatedScene.png Graphic file (type png)
<use ./Images/ColmapDuplicatedScene.png>
Package pdftex.def Info: ./Images/ColmapDuplicatedScene.png  used on input line
 1188.
(pdftex.def)             Requested size: 209.12683pt x 197.00572pt.

Underfull \vbox (badness 3930) has occurred while \output is active []

 [28 <./Images/DistanceCloudGen.png> <./Images/NPointsCloudGen.png> <./Images/O
DMNoise2.png> <./Images/ColmapNoise2.png>] [29 <./Images/ODMError.png> <./Image
s/ColmapError.png> <./Images/ColmapDuplicatedScene.png>]
Overfull \hbox (4.26726pt too wide) in paragraph at lines 1202--1202
[]\OT1/ptm/b/n/14.4 Vergleich von Ver-fah-ren zur Re-gi-strie-rung von 3D-Punkt
wolken 
 []

[30]
<./Images/registration_dcp_avocado.png, id=530, 1082.0425pt x 829.0975pt>
File: ./Images/registration_dcp_avocado.png Graphic file (type png)
<use ./Images/registration_dcp_avocado.png>
Package pdftex.def Info: ./Images/registration_dcp_avocado.png  used on input l
ine 1264.
(pdftex.def)             Requested size: 79.46921pt x 60.88922pt.
<./Images/registration_icp_avocado.png, id=531, 1079.03125pt x 785.93625pt>
File: ./Images/registration_icp_avocado.png Graphic file (type png)
<use ./Images/registration_icp_avocado.png>
Package pdftex.def Info: ./Images/registration_icp_avocado.png  used on input l
ine 1269.
(pdftex.def)             Requested size: 79.46921pt x 57.87535pt.
<./Images/registration_pointnetlk_avocado.png, id=532, 1124.2pt x 742.775pt>
File: ./Images/registration_pointnetlk_avocado.png Graphic file (type png)
<use ./Images/registration_pointnetlk_avocado.png>
Package pdftex.def Info: ./Images/registration_pointnetlk_avocado.png  used on 
input line 1274.
(pdftex.def)             Requested size: 79.46921pt x 52.49825pt.
<./Images/registration_ricp_avocado.png, id=533, 890.32625pt x 624.3325pt>
File: ./Images/registration_ricp_avocado.png Graphic file (type png)
<use ./Images/registration_ricp_avocado.png>
Package pdftex.def Info: ./Images/registration_ricp_avocado.png  used on input 
line 1279.
(pdftex.def)             Requested size: 79.46921pt x 55.72069pt.
<./Images/registration_rpm_avocado.png, id=534, 1065.9825pt x 769.87625pt>
File: ./Images/registration_rpm_avocado.png Graphic file (type png)
<use ./Images/registration_rpm_avocado.png>
Package pdftex.def Info: ./Images/registration_rpm_avocado.png  used on input l
ine 1284.
(pdftex.def)             Requested size: 79.46921pt x 57.3858pt.
<./Images/registration_dcp_banana.png, id=535, 1168.365pt x 688.5725pt>
File: ./Images/registration_dcp_banana.png Graphic file (type png)
<use ./Images/registration_dcp_banana.png>
Package pdftex.def Info: ./Images/registration_dcp_banana.png  used on input li
ne 1291.
(pdftex.def)             Requested size: 79.46921pt x 46.82861pt.
<./Images/registration_icp_banana.png, id=536, 903.375pt x 623.32875pt>
File: ./Images/registration_icp_banana.png Graphic file (type png)
<use ./Images/registration_icp_banana.png>
Package pdftex.def Info: ./Images/registration_icp_banana.png  used on input li
ne 1296.
(pdftex.def)             Requested size: 79.46921pt x 54.83217pt.
<./Images/registration_pointnetlk_banana.png, id=537, 870.25125pt x 639.38875pt
>
File: ./Images/registration_pointnetlk_banana.png Graphic file (type png)
<use ./Images/registration_pointnetlk_banana.png>
Package pdftex.def Info: ./Images/registration_pointnetlk_banana.png  used on i
nput line 1301.
(pdftex.def)             Requested size: 79.46921pt x 58.38153pt.
<./Images/registration_ricp_banana.png, id=538, 903.375pt x 735.74875pt>
File: ./Images/registration_ricp_banana.png Graphic file (type png)
<use ./Images/registration_ricp_banana.png>
Package pdftex.def Info: ./Images/registration_ricp_banana.png  used on input l
ine 1306.
(pdftex.def)             Requested size: 79.46921pt x 64.72139pt.
<./Images/registration_rpm_banana.png, id=539, 969.6225pt x 666.49pt>
File: ./Images/registration_rpm_banana.png Graphic file (type png)
<use ./Images/registration_rpm_banana.png>
Package pdftex.def Info: ./Images/registration_rpm_banana.png  used on input li
ne 1311.
(pdftex.def)             Requested size: 79.46921pt x 54.62202pt.
<./Images/RegistrationBananaT1.png, id=541, 972.63374pt x 743.77875pt>
File: ./Images/RegistrationBananaT1.png Graphic file (type png)
<use ./Images/RegistrationBananaT1.png>
Package pdftex.def Info: ./Images/RegistrationBananaT1.png  used on input line 
1326.
(pdftex.def)             Requested size: 125.47737pt x 95.94559pt.
<./Images/RegistrationBananaT2.png, id=542, 943.525pt x 851.18pt>
File: ./Images/RegistrationBananaT2.png Graphic file (type png)
<use ./Images/RegistrationBananaT2.png>
Package pdftex.def Info: ./Images/RegistrationBananaT2.png  used on input line 
1330.
(pdftex.def)             Requested size: 125.47737pt x 113.18993pt.
<./Images/RegistrationBananaT3.png, id=543, 610.28pt x 521.95pt>
File: ./Images/RegistrationBananaT3.png Graphic file (type png)
<use ./Images/RegistrationBananaT3.png>
Package pdftex.def Info: ./Images/RegistrationBananaT3.png  used on input line 
1334.
(pdftex.def)             Requested size: 125.47737pt x 107.31104pt.
 [31 <./Images/registration_dcp_avocado.png> <./Images/registration_icp_avocado
.png> <./Images/registration_pointnetlk_avocado.png> <./Images/registration_ric
p_avocado.png> <./Images/registration_rpm_avocado.png> <./Images/registration_d
cp_banana.png> <./Images/registration_icp_banana.png> <./Images/registration_po
intnetlk_banana.png> <./Images/registration_ricp_banana.png> <./Images/registra
tion_rpm_banana.png>]
<./Images/Registration_Sinus.png, id=565, 923.45pt x 844.15375pt>
File: ./Images/Registration_Sinus.png Graphic file (type png)
<use ./Images/Registration_Sinus.png>
Package pdftex.def Info: ./Images/Registration_Sinus.png  used on input line 13
58.
(pdftex.def)             Requested size: 125.47737pt x 114.70291pt.
<./Images/Registration_Gauss.png, id=566, 889.3225pt x 780.9175pt>
File: ./Images/Registration_Gauss.png Graphic file (type png)
<use ./Images/Registration_Gauss.png>
Package pdftex.def Info: ./Images/Registration_Gauss.png  used on input line 13
63.
(pdftex.def)             Requested size: 125.47737pt x 110.17372pt.
<./Images/Registration_Pot.png, id=567, 828.09375pt x 774.895pt>
File: ./Images/Registration_Pot.png Graphic file (type png)
<use ./Images/Registration_Pot.png>
Package pdftex.def Info: ./Images/Registration_Pot.png  used on input line 1368
.
(pdftex.def)             Requested size: 125.47737pt x 117.41162pt.
 [32 <./Images/RegistrationBananaT1.png> <./Images/RegistrationBananaT2.png> <.
/Images/RegistrationBananaT3.png> <./Images/Registration_Sinus.png> <./Images/R
egistration_Gauss.png> <./Images/Registration_Pot.png>]
<./Images/OdmFlatError1.png, id=584, 883.3pt x 832.10875pt>
File: ./Images/OdmFlatError1.png Graphic file (type png)
<use ./Images/OdmFlatError1.png>
Package pdftex.def Info: ./Images/OdmFlatError1.png  used on input line 1391.
(pdftex.def)             Requested size: 188.21288pt x 177.30008pt.
<./Images/OdmFlatError2.png, id=585, 883.3pt x 832.10875pt>
File: ./Images/OdmFlatError2.png Graphic file (type png)
<use ./Images/OdmFlatError2.png>
Package pdftex.def Info: ./Images/OdmFlatError2.png  used on input line 1396.
(pdftex.def)             Requested size: 188.21288pt x 177.30008pt.
<./Images/HandcraftedClassifierAvocado.png, id=586, 883.3pt x 832.10875pt>
File: ./Images/HandcraftedClassifierAvocado.png Graphic file (type png)
<use ./Images/HandcraftedClassifierAvocado.png>
Package pdftex.def Info: ./Images/HandcraftedClassifierAvocado.png  used on inp
ut line 1402.
(pdftex.def)             Requested size: 188.21288pt x 177.30008pt.
<./Images/HandcraftedClassifierPlant2.png, id=587, 883.3pt x 832.10875pt>
File: ./Images/HandcraftedClassifierPlant2.png Graphic file (type png)
<use ./Images/HandcraftedClassifierPlant2.png>
Package pdftex.def Info: ./Images/HandcraftedClassifierPlant2.png  used on inpu
t line 1407.
(pdftex.def)             Requested size: 188.21288pt x 177.30008pt.

Underfull \vbox (badness 10000) has occurred while \output is active []

 [33 <./Images/OdmFlatError1.png> <./Images/OdmFlatError2.png> <./Images/Handcr
aftedClassifierAvocado.png> <./Images/HandcraftedClassifierPlant2.png>]
<./Images/Plant_Avocado.png, id=603, 883.3pt x 832.10875pt>
File: ./Images/Plant_Avocado.png Graphic file (type png)
<use ./Images/Plant_Avocado.png>
Package pdftex.def Info: ./Images/Plant_Avocado.png  used on input line 1444.
(pdftex.def)             Requested size: 100.38318pt x 94.55411pt.
<./Images/Plant_Banana.png, id=604, 883.3pt x 832.10875pt>
File: ./Images/Plant_Banana.png Graphic file (type png)
<use ./Images/Plant_Banana.png>
Package pdftex.def Info: ./Images/Plant_Banana.png  used on input line 1449.
(pdftex.def)             Requested size: 100.38318pt x 94.55411pt.
<./Images/Plant_Kohlrabi.png, id=605, 883.3pt x 832.10875pt>
File: ./Images/Plant_Kohlrabi.png Graphic file (type png)
<use ./Images/Plant_Kohlrabi.png>
Package pdftex.def Info: ./Images/Plant_Kohlrabi.png  used on input line 1454.
(pdftex.def)             Requested size: 100.38318pt x 94.55411pt.
<./Images/Plant_Paprika.png, id=606, 883.3pt x 832.10875pt>
File: ./Images/Plant_Paprika.png Graphic file (type png)
<use ./Images/Plant_Paprika.png>
Package pdftex.def Info: ./Images/Plant_Paprika.png  used on input line 1459.
(pdftex.def)             Requested size: 100.38318pt x 94.55411pt.
<./Images/BG_Avocado.png, id=607, 883.3pt x 832.10875pt>
File: ./Images/BG_Avocado.png Graphic file (type png)
<use ./Images/BG_Avocado.png>
Package pdftex.def Info: ./Images/BG_Avocado.png  used on input line 1466.
(pdftex.def)             Requested size: 100.38318pt x 94.55411pt.
<./Images/BG_Banana.png, id=608, 883.3pt x 832.10875pt>
File: ./Images/BG_Banana.png Graphic file (type png)
<use ./Images/BG_Banana.png>
Package pdftex.def Info: ./Images/BG_Banana.png  used on input line 1471.
(pdftex.def)             Requested size: 100.38318pt x 94.55411pt.
<./Images/BG_Kohlrabi.png, id=609, 883.3pt x 832.10875pt>
File: ./Images/BG_Kohlrabi.png Graphic file (type png)
<use ./Images/BG_Kohlrabi.png>
Package pdftex.def Info: ./Images/BG_Kohlrabi.png  used on input line 1476.
(pdftex.def)             Requested size: 100.38318pt x 94.55411pt.
<./Images/BG_Paprika.png, id=610, 883.3pt x 832.10875pt>
File: ./Images/BG_Paprika.png Graphic file (type png)
<use ./Images/BG_Paprika.png>
Package pdftex.def Info: ./Images/BG_Paprika.png  used on input line 1481.
(pdftex.def)             Requested size: 100.38318pt x 94.55411pt.
<./Images/T11_2C_PS_WN_NR.png, id=611, 462.528pt x 346.896pt>
File: ./Images/T11_2C_PS_WN_NR.png Graphic file (type png)
<use ./Images/T11_2C_PS_WN_NR.png>
Package pdftex.def Info: ./Images/T11_2C_PS_WN_NR.png  used on input line 1511.

(pdftex.def)             Requested size: 202.85329pt x 152.14244pt.
<./Images/T4_3C_PS_WN_NR.png, id=612, 462.528pt x 346.896pt>
File: ./Images/T4_3C_PS_WN_NR.png Graphic file (type png)
<use ./Images/T4_3C_PS_WN_NR.png>
Package pdftex.def Info: ./Images/T4_3C_PS_WN_NR.png  used on input line 1516.
(pdftex.def)             Requested size: 202.85329pt x 152.14244pt.
<./Images/T12_3C_PS_WN_NR_OC.png, id=613, 462.528pt x 346.896pt>
File: ./Images/T12_3C_PS_WN_NR_OC.png Graphic file (type png)
<use ./Images/T12_3C_PS_WN_NR_OC.png>
Package pdftex.def Info: ./Images/T12_3C_PS_WN_NR_OC.png  used on input line 15
22.
(pdftex.def)             Requested size: 202.85329pt x 152.14244pt.
<./Images/T13_2C_PS_WN_NR_NN.png, id=614, 462.528pt x 346.896pt>
File: ./Images/T13_2C_PS_WN_NR_NN.png Graphic file (type png)
<use ./Images/T13_2C_PS_WN_NR_NN.png>
Package pdftex.def Info: ./Images/T13_2C_PS_WN_NR_NN.png  used on input line 15
27.
(pdftex.def)             Requested size: 202.85329pt x 152.14244pt.
 [34] [35 <./Images/Plant_Avocado.png> <./Images/Plant_Banana.png> <./Images/Pl
ant_Kohlrabi.png> <./Images/Plant_Paprika.png> <./Images/BG_Avocado.png> <./Ima
ges/BG_Banana.png> <./Images/BG_Kohlrabi.png> <./Images/BG_Paprika.png>] [36 <.
/Images/T11_2C_PS_WN_NR.png> <./Images/T4_3C_PS_WN_NR.png> <./Images/T12_3C_PS_
WN_NR_OC.png> <./Images/T13_2C_PS_WN_NR_NN.png>]
<./Images/T6_2C_PS_NN_NR.png, id=649, 462.528pt x 346.896pt>
File: ./Images/T6_2C_PS_NN_NR.png Graphic file (type png)
<use ./Images/T6_2C_PS_NN_NR.png>
Package pdftex.def Info: ./Images/T6_2C_PS_NN_NR.png  used on input line 1586.
(pdftex.def)             Requested size: 198.67303pt x 149.00357pt.

Underfull \hbox (badness 3240) in paragraph at lines 1587--1587
[]\OT1/ptm/m/n/12 Abbildung 24: |Point-Net++ Trainings-
 []

<./Images/T7_3C_PS_NN_NR.png, id=650, 462.528pt x 346.896pt>
File: ./Images/T7_3C_PS_NN_NR.png Graphic file (type png)
<use ./Images/T7_3C_PS_NN_NR.png>
Package pdftex.def Info: ./Images/T7_3C_PS_NN_NR.png  used on input line 1592.
(pdftex.def)             Requested size: 198.67303pt x 149.00357pt.

Underfull \hbox (badness 3240) in paragraph at lines 1593--1593
[]\OT1/ptm/m/n/12 Abbildung 25: |Point-Net++ Trainings-
 []

[37 <./Images/T6_2C_PS_NN_NR.png> <./Images/T7_3C_PS_NN_NR.png>]
<./Images/10_2C_PS_WN_RR.png, id=664, 462.528pt x 346.896pt>
File: ./Images/10_2C_PS_WN_RR.png Graphic file (type png)
<use ./Images/10_2C_PS_WN_RR.png>
Package pdftex.def Info: ./Images/10_2C_PS_WN_RR.png  used on input line 1621.
(pdftex.def)             Requested size: 198.67303pt x 149.00357pt.

Underfull \hbox (badness 3240) in paragraph at lines 1622--1622
[]\OT1/ptm/m/n/12 Abbildung 26: |Point-Net++ Trainings-
 []

<./Images/9_3C_PS_WN_RR.png, id=665, 462.528pt x 346.896pt>
File: ./Images/9_3C_PS_WN_RR.png Graphic file (type png)
<use ./Images/9_3C_PS_WN_RR.png>
Package pdftex.def Info: ./Images/9_3C_PS_WN_RR.png  used on input line 1627.
(pdftex.def)             Requested size: 198.67303pt x 149.00357pt.

Underfull \hbox (badness 3240) in paragraph at lines 1628--1628
[]\OT1/ptm/m/n/12 Abbildung 27: |Point-Net++ Trainings-
 []

<./Images/RotationError1.png, id=666, 883.3pt x 832.10875pt>
File: ./Images/RotationError1.png Graphic file (type png)
<use ./Images/RotationError1.png>
Package pdftex.def Info: ./Images/RotationError1.png  used on input line 1637.
(pdftex.def)             Requested size: 188.21288pt x 177.30008pt.
<./Images/RotationError2.png, id=667, 883.3pt x 832.10875pt>
File: ./Images/RotationError2.png Graphic file (type png)
<use ./Images/RotationError2.png>
Package pdftex.def Info: ./Images/RotationError2.png  used on input line 1643.
(pdftex.def)             Requested size: 188.21288pt x 177.30008pt.
[38 <./Images/10_2C_PS_WN_RR.png> <./Images/9_3C_PS_WN_RR.png> <./Images/Rotati
onError1.png> <./Images/RotationError2.png>] [39] [40] [41] (./template.bbl
Underfull \hbox (badness 1248) in paragraph at lines 9--11
[]\OT1/ptm/m/n/12 N. Me-hen-dale and S. Neo-ge, ``Re-view on li-dar tech-no-lo-
gy,'' \OT1/ptm/m/it/12 ssrn pre-print
 []


Underfull \hbox (badness 1412) in paragraph at lines 75--77
[]\OT1/ptm/m/n/12 M. Jan-co-sek and T. Pa-jd-la, ``Multi-view re-con-struc-ti-o
n pre-ser-ving weakly-
 []

[42] [43]) 
AED: lastpage setting LastPage
[44] (./template.aux)
Package rerunfilecheck Info: File `template.out' has not changed.
(rerunfilecheck)             Checksum: CE10771495D4E97AC9CD12C766B8FCF8;3949.
 ) 
Here is how much of TeX's memory you used:
 14552 strings out of 478542
 224530 string characters out of 5850401
 708644 words of memory out of 5000000
 32018 multiletter control sequences out of 15000+600000
 424203 words of font info for 75 fonts, out of 8000000 for 9000
 1141 hyphenation exceptions out of 8191
 67i,16n,77p,561b,1402s stack positions out of 5000i,500n,10000p,200000b,80000s
{/usr/local/texlive/2021/texmf-dist/fonts/enc/dvips/base/8r.enc}</usr/local/t
exlive/2021/texmf-dist/fonts/type1/public/amsfonts/cm/cmbsy10.pfb></usr/local/t
exlive/2021/texmf-dist/fonts/type1/public/amsfonts/cm/cmex10.pfb></usr/local/te
xlive/2021/texmf-dist/fonts/type1/public/amsfonts/cm/cmmi12.pfb></usr/local/tex
live/2021/texmf-dist/fonts/type1/public/amsfonts/cm/cmmi6.pfb></usr/local/texli
ve/2021/texmf-dist/fonts/type1/public/amsfonts/cm/cmmi8.pfb></usr/local/texlive
/2021/texmf-dist/fonts/type1/public/amsfonts/cm/cmr12.pfb></usr/local/texlive/2
021/texmf-dist/fonts/type1/public/amsfonts/cm/cmr6.pfb></usr/local/texlive/2021
/texmf-dist/fonts/type1/public/amsfonts/cm/cmr8.pfb></usr/local/texlive/2021/te
xmf-dist/fonts/type1/public/amsfonts/cm/cmsy10.pfb></usr/local/texlive/2021/tex
mf-dist/fonts/type1/public/amsfonts/cm/cmsy6.pfb></usr/local/texlive/2021/texmf
-dist/fonts/type1/public/amsfonts/cm/cmsy8.pfb></usr/local/texlive/2021/texmf-d
ist/fonts/type1/urw/courier/ucrr8a.pfb></usr/local/texlive/2021/texmf-dist/font
s/type1/urw/times/utmb8a.pfb></usr/local/texlive/2021/texmf-dist/fonts/type1/ur
w/times/utmr8a.pfb></usr/local/texlive/2021/texmf-dist/fonts/type1/urw/times/ut
mri8a.pfb>
Output written on template.pdf (48 pages, 6169698 bytes).
PDF statistics:
 815 PDF objects out of 1000 (max. 8388607)
 606 compressed objects within 7 object streams
 193 named destinations out of 1000 (max. 500000)
 440 words of extra memory for PDF output out of 10000 (max. 10000000)

